C:\Program Files (x86)\Microsoft Visual Studio\2019\Community\MSBuild\Microsoft\VC\v160\Microsoft.CppBuild.targets(473,5): warning MSB8003: 未定义 WindowsSDKDir 属性。可能找不到某些生成工具。
  BitConverter.cpp
C:\Program Files (x86)\Microsoft Visual Studio\2019\Community\VC\Tools\MSVC\14.28.29333\include\yvals.h(12,10): fatal error C1083: 无法打开包括文件: “crtdbg.h”: No such file or directory
  BitFloat.cpp
C:\Program Files (x86)\Microsoft Visual Studio\2019\Community\VC\Tools\MSVC\14.28.29333\include\yvals.h(12,10): fatal error C1083: 无法打开包括文件: “crtdbg.h”: No such file or directory
  ByteBuffer.cpp
C:\Program Files (x86)\Microsoft Visual Studio\2019\Community\VC\Tools\MSVC\14.28.29333\include\yvals.h(12,10): fatal error C1083: 无法打开包括文件: “crtdbg.h”: No such file or directory
  Event.cpp
C:\Program Files (x86)\Microsoft Visual Studio\2019\Community\VC\Tools\MSVC\14.28.29333\include\yvals.h(12,10): fatal error C1083: 无法打开包括文件: “crtdbg.h”: No such file or directory
  GamePlayerSvo.cpp
  GameRoomSvo.cpp
C:\Program Files (x86)\Microsoft Visual Studio\2019\Community\VC\Tools\MSVC\14.28.29333\include\yvals.h(12,10): fatal error C1083: 无法打开包括文件: “crtdbg.h”: No such file or directory
  GameServerData.cpp
C:\Program Files (x86)\Microsoft Visual Studio\2019\Community\VC\Tools\MSVC\14.28.29333\include\yvals.h(12,10): fatal error C1083: 无法打开包括文件: “crtdbg.h”: No such file or directory
  Message.cpp
C:\Users\70909\Desktop\serverc++\servercpp\Message.h(2,10): fatal error C1083: 无法打开包括文件: “enet/enet.h”: No such file or directory
  NetStruct.cpp
C:\Program Files (x86)\Microsoft Visual Studio\2019\Community\VC\Tools\MSVC\14.28.29333\include\yvals.h(12,10): fatal error C1083: 无法打开包括文件: “crtdbg.h”: No such file or directory
  PtMessagePackage.cpp
C:\Program Files (x86)\Microsoft Visual Studio\2019\Community\VC\Tools\MSVC\14.28.29333\include\yvals.h(12,10): fatal error C1083: 无法打开包括文件: “crtdbg.h”: No such file or directory
  Server.cpp
C:\Program Files (x86)\Microsoft Visual Studio\2019\Community\VC\Tools\MSVC\14.28.29333\include\yvals.h(12,10): fatal error C1083: 无法打开包括文件: “crtdbg.h”: No such file or directory
  ServerListener.cpp
C:\Program Files (x86)\Microsoft Visual Studio\2019\Community\VC\Tools\MSVC\14.28.29333\include\yvals.h(12,10): fatal error C1083: 无法打开包括文件: “crtdbg.h”: No such file or directory
  Source.cpp
C:\Program Files (x86)\Microsoft Visual Studio\2019\Community\VC\Tools\MSVC\14.28.29333\include\yvals.h(12,10): fatal error C1083: 无法打开包括文件: “crtdbg.h”: No such file or directory
  thread_pool.cpp
C:\Program Files (x86)\Microsoft Visual Studio\2019\Community\VC\Tools\MSVC\14.28.29333\include\yvals.h(12,10): fatal error C1083: 无法打开包括文件: “crtdbg.h”: No such file or directory
  timer.cpp
C:\Program Files (x86)\Microsoft Visual Studio\2019\Community\VC\Tools\MSVC\14.28.29333\include\yvals.h(12,10): fatal error C1083: 无法打开包括文件: “crtdbg.h”: No such file or directory
  正在生成代码...
